<?xml version="1.0" encoding="UTF-8"?>
<testng-results ignored="0" total="1" passed="1" failed="0" skipped="0">
  <reporter-output>
  </reporter-output>
  <suite started-at="2021-09-12T18:07:38 IST" name="Suite" finished-at="2021-09-12T18:08:45 IST" duration-ms="66998">
    <groups>
    </groups>
    <test started-at="2021-09-12T18:07:38 IST" name="Test" finished-at="2021-09-12T18:08:45 IST" duration-ms="66998">
      <class name="com.imi.script.editrescentItems">
        <test-method signature="verify()[pri:0, instance:com.imi.script.editrescentItems@5e4c8041]" started-at="2021-09-12T18:07:38 IST" name="verify" finished-at="2021-09-12T18:08:44 IST" duration-ms="66851" status="PASS">
          <reporter-output>
          </reporter-output>
        </test-method> <!-- verify -->
      </class> <!-- com.imi.script.editrescentItems -->
    </test> <!-- Test -->
  </suite> <!-- Suite -->
</testng-results>
